# JRE version: Java(TM) SE Runtime Environment (8.0_162-b12) (build 1.8.0_162-b12)
# Java VM: Java HotSpot(TM) 64-Bit Server VM (25.162-b12 mixed mode windows-amd64 compressed oops)
Heap:
 PSYoungGen      total 275968K, used 25852K [0x00000000eb180000, 0x00000000fd100000, 0x0000000100000000)
  eden space 261632K, 5% used [0x00000000eb180000,0x00000000ebe50040,0x00000000fb100000)
  from space 14336K, 88% used [0x00000000fb100000,0x00000000fbd6f170,0x00000000fbf00000)
  to   space 13312K, 0% used [0x00000000fbf00000,0x00000000fbf00000,0x00000000fcc00000)
 ParOldGen       total 87040K, used 40265K [0x00000000c1400000, 0x00000000c6900000, 0x00000000eb180000)
  object space 87040K, 46% used [0x00000000c1400000,0x00000000c3b527e0,0x00000000c6900000)
 Metaspace       used 64318K, capacity 66556K, committed 66776K, reserved 1107968K
  class space    used 7968K, capacity 8364K, committed 8448K, reserved 1048576K
GC Heap History (10 events):
Event: 26.856 GC heap before
{Heap before GC invocations=16 (full 2):
 PSYoungGen      total 150528K, used 141824K [0x00000000eb180000, 0x00000000f8780000, 0x0000000100000000)
  eden space 141824K, 100% used [0x00000000eb180000,0x00000000f3c00000,0x00000000f3c00000)
  from space 8704K, 0% used [0x00000000f3c00000,0x00000000f3c00000,0x00000000f4480000)
  to   space 8192K, 0% used [0x00000000f7f80000,0x00000000f7f80000,0x00000000f8780000)
 ParOldGen       total 48640K, used 18377K [0x00000000c1400000, 0x00000000c4380000, 0x00000000eb180000)
  object space 48640K, 37% used [0x00000000c1400000,0x00000000c25f27f0,0x00000000c4380000)
 Metaspace       used 40856K, capacity 42048K, committed 42456K, reserved 1085440K
  class space    used 5246K, capacity 5512K, committed 5632K, reserved 1048576K
Event: 26.873 GC heap after
Heap after GC invocations=16 (full 2):
 PSYoungGen      total 202240K, used 7624K [0x00000000eb180000, 0x00000000f8700000, 0x0000000100000000)
  eden space 194560K, 0% used [0x00000000eb180000,0x00000000eb180000,0x00000000f6f80000)
  from space 7680K, 99% used [0x00000000f7f80000,0x00000000f86f2348,0x00000000f8700000)
  to   space 9216K, 0% used [0x00000000f7500000,0x00000000f7500000,0x00000000f7e00000)
 ParOldGen       total 48640K, used 18385K [0x00000000c1400000, 0x00000000c4380000, 0x00000000eb180000)
  object space 48640K, 37% used [0x00000000c1400000,0x00000000c25f47f0,0x00000000c4380000)
 Metaspace       used 40856K, capacity 42048K, committed 42456K, reserved 1085440K
  class space    used 5246K, capacity 5512K, committed 5632K, reserved 1048576K
}
Event: 31.403 GC heap before
{Heap before GC invocations=17 (full 2):
 PSYoungGen      total 202240K, used 202184K [0x00000000eb180000, 0x00000000f8700000, 0x0000000100000000)
  eden space 194560K, 100% used [0x00000000eb180000,0x00000000f6f80000,0x00000000f6f80000)
  from space 7680K, 99% used [0x00000000f7f80000,0x00000000f86f2348,0x00000000f8700000)
  to   space 9216K, 0% used [0x00000000f7500000,0x00000000f7500000,0x00000000f7e00000)
 ParOldGen       total 48640K, used 18385K [0x00000000c1400000, 0x00000000c4380000, 0x00000000eb180000)
  object space 48640K, 37% used [0x00000000c1400000,0x00000000c25f47f0,0x00000000c4380000)
 Metaspace       used 46440K, capacity 48098K, committed 48216K, reserved 1091584K
  class space    used 5911K, capacity 6215K, committed 6272K, reserved 1048576K
Event: 31.435 GC heap after
Heap after GC invocations=17 (full 2):
 PSYoungGen      total 209408K, used 9208K [0x00000000eb180000, 0x00000000fcc00000, 0x0000000100000000)
  eden space 200192K, 0% used [0x00000000eb180000,0x00000000eb180000,0x00000000f7500000)
  from space 9216K, 99% used [0x00000000f7500000,0x00000000f7dfe000,0x00000000f7e00000)
  to   space 13312K, 0% used [0x00000000fbf00000,0x00000000fbf00000,0x00000000fcc00000)
 ParOldGen       total 48640K, used 25998K [0x00000000c1400000, 0x00000000c4380000, 0x00000000eb180000)
  object space 48640K, 53% used [0x00000000c1400000,0x00000000c2d639e0,0x00000000c4380000)
 Metaspace       used 46440K, capacity 48098K, committed 48216K, reserved 1091584K
  class space    used 5911K, capacity 6215K, committed 6272K, reserved 1048576K
}
Event: 38.965 GC heap before
{Heap before GC invocations=18 (full 2):
 PSYoungGen      total 209408K, used 197459K [0x00000000eb180000, 0x00000000fcc00000, 0x0000000100000000)
  eden space 200192K, 94% used [0x00000000eb180000,0x00000000f6956da8,0x00000000f7500000)
  from space 9216K, 99% used [0x00000000f7500000,0x00000000f7dfe000,0x00000000f7e00000)
  to   space 13312K, 0% used [0x00000000fbf00000,0x00000000fbf00000,0x00000000fcc00000)
 ParOldGen       total 48640K, used 25998K [0x00000000c1400000, 0x00000000c4380000, 0x00000000eb180000)
  object space 48640K, 53% used [0x00000000c1400000,0x00000000c2d639e0,0x00000000c4380000)
 Metaspace       used 57102K, capacity 58846K, committed 58968K, reserved 1101824K
  class space    used 6958K, capacity 7291K, committed 7296K, reserved 1048576K
Event: 39.003 GC heap after
Heap after GC invocations=18 (full 2):
 PSYoungGen      total 274944K, used 12072K [0x00000000eb180000, 0x00000000fd100000, 0x0000000100000000)
  eden space 261632K, 0% used [0x00000000eb180000,0x00000000eb180000,0x00000000fb100000)
  from space 13312K, 90% used [0x00000000fbf00000,0x00000000fcaca030,0x00000000fcc00000)
  to   space 14336K, 0% used [0x00000000fb100000,0x00000000fb100000,0x00000000fbf00000)
 ParOldGen       total 48640K, used 35051K [0x00000000c1400000, 0x00000000c4380000, 0x00000000eb180000)
  object space 48640K, 72% used [0x00000000c1400000,0x00000000c363ad38,0x00000000c4380000)
 Metaspace       used 57102K, capacity 58846K, committed 58968K, reserved 1101824K
  class space    used 6958K, capacity 7291K, committed 7296K, reserved 1048576K
}
Event: 39.003 GC heap before
{Heap before GC invocations=19 (full 3):
 PSYoungGen      total 274944K, used 12072K [0x00000000eb180000, 0x00000000fd100000, 0x0000000100000000)
  eden space 261632K, 0% used [0x00000000eb180000,0x00000000eb180000,0x00000000fb100000)
  from space 13312K, 90% used [0x00000000fbf00000,0x00000000fcaca030,0x00000000fcc00000)
  to   space 14336K, 0% used [0x00000000fb100000,0x00000000fb100000,0x00000000fbf00000)
 ParOldGen       total 48640K, used 35051K [0x00000000c1400000, 0x00000000c4380000, 0x00000000eb180000)
  object space 48640K, 72% used [0x00000000c1400000,0x00000000c363ad38,0x00000000c4380000)
 Metaspace       used 57102K, capacity 58846K, committed 58968K, reserved 1101824K
  class space    used 6958K, capacity 7291K, committed 7296K, reserved 1048576K
Event: 40.419 GC heap after
Heap after GC invocations=19 (full 3):
 PSYoungGen      total 274944K, used 0K [0x00000000eb180000, 0x00000000fd100000, 0x0000000100000000)
  eden space 261632K, 0% used [0x00000000eb180000,0x00000000eb180000,0x00000000fb100000)
  from space 13312K, 0% used [0x00000000fbf00000,0x00000000fbf00000,0x00000000fcc00000)
  to   space 14336K, 0% used [0x00000000fb100000,0x00000000fb100000,0x00000000fbf00000)
 ParOldGen       total 87040K, used 40257K [0x00000000c1400000, 0x00000000c6900000, 0x00000000eb180000)
  object space 87040K, 46% used [0x00000000c1400000,0x00000000c3b507e0,0x00000000c6900000)
 Metaspace       used 56990K, capacity 58666K, committed 58968K, reserved 1101824K
  class space    used 6941K, capacity 7261K, committed 7296K, reserved 1048576K
}
Event: 52.085 GC heap before
{Heap before GC invocations=20 (full 3):
 PSYoungGen      total 274944K, used 261632K [0x00000000eb180000, 0x00000000fd100000, 0x0000000100000000)
  eden space 261632K, 100% used [0x00000000eb180000,0x00000000fb100000,0x00000000fb100000)
  from space 13312K, 0% used [0x00000000fbf00000,0x00000000fbf00000,0x00000000fcc00000)
  to   space 14336K, 0% used [0x00000000fb100000,0x00000000fb100000,0x00000000fbf00000)
 ParOldGen       total 87040K, used 40257K [0x00000000c1400000, 0x00000000c6900000, 0x00000000eb180000)
  object space 87040K, 46% used [0x00000000c1400000,0x00000000c3b507e0,0x00000000c6900000)
 Metaspace       used 63814K, capacity 66108K, committed 66392K, reserved 1107968K
  class space    used 7883K, capacity 8300K, committed 8320K, reserved 1048576K
Event: 52.117 GC heap after
Heap after GC invocations=20 (full 3):
 PSYoungGen      total 275968K, used 12732K [0x00000000eb180000, 0x00000000fd100000, 0x0000000100000000)
  eden space 261632K, 0% used [0x00000000eb180000,0x00000000eb180000,0x00000000fb100000)
  from space 14336K, 88% used [0x00000000fb100000,0x00000000fbd6f170,0x00000000fbf00000)
  to   space 13312K, 0% used [0x00000000fbf00000,0x00000000fbf00000,0x00000000fcc00000)
 ParOldGen       total 87040K, used 40265K [0x00000000c1400000, 0x00000000c6900000, 0x00000000eb180000)
  object space 87040K, 46% used [0x00000000c1400000,0x00000000c3b527e0,0x00000000c6900000)
 Metaspace       used 63814K, capacity 66108K, committed 66392K, reserved 1107968K
  class space    used 7883K, capacity 8300K, committed 8320K, reserved 1048576K
}

