# JRE version: Java(TM) SE Runtime Environment (8.0_162-b12) (build 1.8.0_162-b12)
# Java VM: Java HotSpot(TM) 64-Bit Server VM (25.162-b12 mixed mode windows-amd64 compressed oops)
Heap:
 PSYoungGen      total 71168K, used 42492K [0x00000000eb180000, 0x00000000f3c80000, 0x0000000100000000)
  eden space 65024K, 65% used [0x00000000eb180000,0x00000000edaff238,0x00000000ef100000)
  from space 6144K, 0% used [0x00000000ef100000,0x00000000ef100000,0x00000000ef700000)
  to   space 6144K, 0% used [0x00000000f3680000,0x00000000f3680000,0x00000000f3c80000)
 ParOldGen       total 36352K, used 10029K [0x00000000c1400000, 0x00000000c3780000, 0x00000000eb180000)
  object space 36352K, 27% used [0x00000000c1400000,0x00000000c1dcb7a0,0x00000000c3780000)
 Metaspace       used 23722K, capacity 24364K, committed 24576K, reserved 1071104K
  class space    used 3048K, capacity 3209K, committed 3328K, reserved 1048576K
GC Heap History (10 events):
Event: 2.463 GC heap before
{Heap before GC invocations=4 (full 0):
 PSYoungGen      total 18944K, used 18914K [0x00000000eb180000, 0x00000000ed680000, 0x0000000100000000)
  eden space 16384K, 100% used [0x00000000eb180000,0x00000000ec180000,0x00000000ec180000)
  from space 2560K, 98% used [0x00000000ec180000,0x00000000ec3f89a0,0x00000000ec400000)
  to   space 2560K, 0% used [0x00000000ed400000,0x00000000ed400000,0x00000000ed680000)
 ParOldGen       total 44032K, used 4351K [0x00000000c1400000, 0x00000000c3f00000, 0x00000000eb180000)
  object space 44032K, 9% used [0x00000000c1400000,0x00000000c183ff58,0x00000000c3f00000)
 Metaspace       used 12092K, capacity 12370K, committed 12672K, reserved 1060864K
  class space    used 1466K, capacity 1540K, committed 1664K, reserved 1048576K
Event: 2.470 GC heap after
Heap after GC invocations=4 (full 0):
 PSYoungGen      total 35328K, used 2552K [0x00000000eb180000, 0x00000000ed680000, 0x0000000100000000)
  eden space 32768K, 0% used [0x00000000eb180000,0x00000000eb180000,0x00000000ed180000)
  from space 2560K, 99% used [0x00000000ed400000,0x00000000ed67e030,0x00000000ed680000)
  to   space 2560K, 0% used [0x00000000ed180000,0x00000000ed180000,0x00000000ed400000)
 ParOldGen       total 44032K, used 5355K [0x00000000c1400000, 0x00000000c3f00000, 0x00000000eb180000)
  object space 44032K, 12% used [0x00000000c1400000,0x00000000c193aca0,0x00000000c3f00000)
 Metaspace       used 12092K, capacity 12370K, committed 12672K, reserved 1060864K
  class space    used 1466K, capacity 1540K, committed 1664K, reserved 1048576K
}
Event: 3.001 GC heap before
{Heap before GC invocations=5 (full 0):
 PSYoungGen      total 35328K, used 35320K [0x00000000eb180000, 0x00000000ed680000, 0x0000000100000000)
  eden space 32768K, 100% used [0x00000000eb180000,0x00000000ed180000,0x00000000ed180000)
  from space 2560K, 99% used [0x00000000ed400000,0x00000000ed67e030,0x00000000ed680000)
  to   space 2560K, 0% used [0x00000000ed180000,0x00000000ed180000,0x00000000ed400000)
 ParOldGen       total 44032K, used 5355K [0x00000000c1400000, 0x00000000c3f00000, 0x00000000eb180000)
  object space 44032K, 12% used [0x00000000c1400000,0x00000000c193aca0,0x00000000c3f00000)
 Metaspace       used 14921K, capacity 15372K, committed 15616K, reserved 1062912K
  class space    used 1893K, capacity 2019K, committed 2048K, reserved 1048576K
Event: 3.011 GC heap after
Heap after GC invocations=5 (full 0):
 PSYoungGen      total 35328K, used 2530K [0x00000000eb180000, 0x00000000efc80000, 0x0000000100000000)
  eden space 32768K, 0% used [0x00000000eb180000,0x00000000eb180000,0x00000000ed180000)
  from space 2560K, 98% used [0x00000000ed180000,0x00000000ed3f89a0,0x00000000ed400000)
  to   space 5632K, 0% used [0x00000000ef700000,0x00000000ef700000,0x00000000efc80000)
 ParOldGen       total 44032K, used 8135K [0x00000000c1400000, 0x00000000c3f00000, 0x00000000eb180000)
  object space 44032K, 18% used [0x00000000c1400000,0x00000000c1bf1cd8,0x00000000c3f00000)
 Metaspace       used 14921K, capacity 15372K, committed 15616K, reserved 1062912K
  class space    used 1893K, capacity 2019K, committed 2048K, reserved 1048576K
}
Event: 3.888 GC heap before
{Heap before GC invocations=6 (full 0):
 PSYoungGen      total 35328K, used 35298K [0x00000000eb180000, 0x00000000efc80000, 0x0000000100000000)
  eden space 32768K, 100% used [0x00000000eb180000,0x00000000ed180000,0x00000000ed180000)
  from space 2560K, 98% used [0x00000000ed180000,0x00000000ed3f89a0,0x00000000ed400000)
  to   space 5632K, 0% used [0x00000000ef700000,0x00000000ef700000,0x00000000efc80000)
 ParOldGen       total 44032K, used 8135K [0x00000000c1400000, 0x00000000c3f00000, 0x00000000eb180000)
  object space 44032K, 18% used [0x00000000c1400000,0x00000000c1bf1cd8,0x00000000c3f00000)
 Metaspace       used 16897K, capacity 17420K, committed 17536K, reserved 1064960K
  class space    used 2190K, capacity 2317K, committed 2432K, reserved 1048576K
Event: 3.900 GC heap after
Heap after GC invocations=6 (full 0):
 PSYoungGen      total 70656K, used 4673K [0x00000000eb180000, 0x00000000efd80000, 0x0000000100000000)
  eden space 65024K, 0% used [0x00000000eb180000,0x00000000eb180000,0x00000000ef100000)
  from space 5632K, 82% used [0x00000000ef700000,0x00000000efb90710,0x00000000efc80000)
  to   space 6144K, 0% used [0x00000000ef100000,0x00000000ef100000,0x00000000ef700000)
 ParOldGen       total 44032K, used 8135K [0x00000000c1400000, 0x00000000c3f00000, 0x00000000eb180000)
  object space 44032K, 18% used [0x00000000c1400000,0x00000000c1bf1cd8,0x00000000c3f00000)
 Metaspace       used 16897K, capacity 17420K, committed 17536K, reserved 1064960K
  class space    used 2190K, capacity 2317K, committed 2432K, reserved 1048576K
}
Event: 4.747 GC heap before
{Heap before GC invocations=7 (full 0):
 PSYoungGen      total 70656K, used 45500K [0x00000000eb180000, 0x00000000efd80000, 0x0000000100000000)
  eden space 65024K, 62% used [0x00000000eb180000,0x00000000ed95ec68,0x00000000ef100000)
  from space 5632K, 82% used [0x00000000ef700000,0x00000000efb90710,0x00000000efc80000)
  to   space 6144K, 0% used [0x00000000ef100000,0x00000000ef100000,0x00000000ef700000)
 ParOldGen       total 44032K, used 8135K [0x00000000c1400000, 0x00000000c3f00000, 0x00000000eb180000)
  object space 44032K, 18% used [0x00000000c1400000,0x00000000c1bf1cd8,0x00000000c3f00000)
 Metaspace       used 20584K, capacity 21138K, committed 21248K, reserved 1067008K
  class space    used 2633K, capacity 2792K, committed 2816K, reserved 1048576K
Event: 4.764 GC heap after
Heap after GC invocations=7 (full 0):
 PSYoungGen      total 71168K, used 5498K [0x00000000eb180000, 0x00000000f3c80000, 0x0000000100000000)
  eden space 65024K, 0% used [0x00000000eb180000,0x00000000eb180000,0x00000000ef100000)
  from space 6144K, 89% used [0x00000000ef100000,0x00000000ef65eb90,0x00000000ef700000)
  to   space 6144K, 0% used [0x00000000f3680000,0x00000000f3680000,0x00000000f3c80000)
 ParOldGen       total 44032K, used 9505K [0x00000000c1400000, 0x00000000c3f00000, 0x00000000eb180000)
  object space 44032K, 21% used [0x00000000c1400000,0x00000000c1d48758,0x00000000c3f00000)
 Metaspace       used 20584K, capacity 21138K, committed 21248K, reserved 1067008K
  class space    used 2633K, capacity 2792K, committed 2816K, reserved 1048576K
}
Event: 4.764 GC heap before
{Heap before GC invocations=8 (full 1):
 PSYoungGen      total 71168K, used 5498K [0x00000000eb180000, 0x00000000f3c80000, 0x0000000100000000)
  eden space 65024K, 0% used [0x00000000eb180000,0x00000000eb180000,0x00000000ef100000)
  from space 6144K, 89% used [0x00000000ef100000,0x00000000ef65eb90,0x00000000ef700000)
  to   space 6144K, 0% used [0x00000000f3680000,0x00000000f3680000,0x00000000f3c80000)
 ParOldGen       total 44032K, used 9505K [0x00000000c1400000, 0x00000000c3f00000, 0x00000000eb180000)
  object space 44032K, 21% used [0x00000000c1400000,0x00000000c1d48758,0x00000000c3f00000)
 Metaspace       used 20584K, capacity 21138K, committed 21248K, reserved 1067008K
  class space    used 2633K, capacity 2792K, committed 2816K, reserved 1048576K
Event: 4.823 GC heap after
Heap after GC invocations=8 (full 1):
 PSYoungGen      total 71168K, used 0K [0x00000000eb180000, 0x00000000f3c80000, 0x0000000100000000)
  eden space 65024K, 0% used [0x00000000eb180000,0x00000000eb180000,0x00000000ef100000)
  from space 6144K, 0% used [0x00000000ef100000,0x00000000ef100000,0x00000000ef700000)
  to   space 6144K, 0% used [0x00000000f3680000,0x00000000f3680000,0x00000000f3c80000)
 ParOldGen       total 36352K, used 10029K [0x00000000c1400000, 0x00000000c3780000, 0x00000000eb180000)
  object space 36352K, 27% used [0x00000000c1400000,0x00000000c1dcb7a0,0x00000000c3780000)
 Metaspace       used 20582K, capacity 21132K, committed 21248K, reserved 1067008K
  class space    used 2633K, capacity 2791K, committed 2816K, reserved 1048576K
}

